[debug] [2021-08-08T02:21:19.729Z] ----------------------------------------------------------------------
[debug] [2021-08-08T02:21:19.731Z] Command:       /usr/bin/node /usr/bin/firebase init hosting:github
[debug] [2021-08-08T02:21:19.731Z] CLI Version:   9.16.0
[debug] [2021-08-08T02:21:19.731Z] Platform:      linux
[debug] [2021-08-08T02:21:19.731Z] Node Version:  v16.4.2
[debug] [2021-08-08T02:21:19.732Z] Time:          Sat Aug 07 2021 22:21:19 GMT-0400 (Eastern Daylight Time)
[debug] [2021-08-08T02:21:19.732Z] ----------------------------------------------------------------------
[debug] 
[debug] [2021-08-08T02:21:19.788Z] > command requires scopes: ["email","openid","https://www.googleapis.com/auth/cloudplatformprojects.readonly","https://www.googleapis.com/auth/firebase","https://www.googleapis.com/auth/cloud-platform"]
[debug] [2021-08-08T02:21:19.788Z] > authorizing via signed-in user (omosgoerge@gmail.com)
[info] 
     ######## #### ########  ######## ########     ###     ######  ########
     ##        ##  ##     ## ##       ##     ##  ##   ##  ##       ##
     ######    ##  ########  ######   ########  #########  ######  ######
     ##        ##  ##    ##  ##       ##     ## ##     ##       ## ##
     ##       #### ##     ## ######## ########  ##     ##  ######  ########

You're about to initialize a Firebase project in this directory:

  /home/treasure/Documents/React/work1

Before we get started, keep in mind:

  * You are initializing within an existing Firebase project directory

[info] 
=== Project Setup
[info] 
[info] First, let's associate this project directory with a Firebase project.
[info] You can create multiple project aliases by running firebase use --add, 
[info] but for now we'll just set up a default project.
[info] 
[info] i  .firebaserc already has a default project, using work1-ce84c. 
[debug] [2021-08-08T02:21:19.797Z] > refreshing access token with scopes: []
[debug] [2021-08-08T02:21:19.797Z] >>> HTTP REQUEST POST https://www.googleapis.com/oauth2/v3/token  
 <request body omitted>
[debug] [2021-08-08T02:21:20.233Z] <<< HTTP RESPONSE 200 {"expires":"Mon, 01 Jan 1990 00:00:00 GMT","cache-control":"no-cache, no-store, max-age=0, must-revalidate","date":"Sun, 08 Aug 2021 01:21:07 GMT","pragma":"no-cache","content-type":"application/json; charset=utf-8","vary":"X-Origin, Referer, Origin,Accept-Encoding","server":"scaffolding on HTTPServer2","x-xss-protection":"0","x-frame-options":"SAMEORIGIN","x-content-type-options":"nosniff","alt-svc":"h3=\":443\"; ma=2592000,h3-29=\":443\"; ma=2592000,h3-T051=\":443\"; ma=2592000,h3-Q050=\":443\"; ma=2592000,h3-Q046=\":443\"; ma=2592000,h3-Q043=\":443\"; ma=2592000,quic=\":443\"; ma=2592000; v=\"46,43\"","accept-ranges":"none","transfer-encoding":"chunked"}
[debug] [2021-08-08T02:21:20.333Z] >>> [apiv2][query] GET https://firebase.googleapis.com/v1beta1/projects/work1-ce84c [none]
[debug] [2021-08-08T02:21:20.807Z] <<< [apiv2][status] GET https://firebase.googleapis.com/v1beta1/projects/work1-ce84c 200
[debug] [2021-08-08T02:21:20.808Z] <<< [apiv2][body] GET https://firebase.googleapis.com/v1beta1/projects/work1-ce84c {"projectId":"work1-ce84c","projectNumber":"583395400575","displayName":"work1","name":"projects/work1-ce84c","resources":{"hostingSite":"work1-ce84c"},"state":"ACTIVE"}
[info] 
=== Hosting:github Setup
[info] 
[info] i  Didn't detect a .git folder. Assuming /home/treasure/Documents/React/work1 is the project root. 
[info] i  Authorizing with GitHub to upload your service account to a GitHub repository's secrets store. 
[info] 
[info] Visit this URL on this device to log in:
[info] https://github.com/login/oauth/authorize?client_id=89cf50f02ac6aaed3484&state=631327435&redirect_uri=http%3A%2F%2Flocalhost%3A9005&scope=read%3Auser%20repo%20public_repo
[info] 
[info] Waiting for authentication...
[debug] [2021-08-08T02:21:34.865Z] >>> HTTP REQUEST POST https://github.com/login/oauth/access_token  
 {"client_id":"89cf50f02ac6aaed3484","client_secret":"3330d14abc895d9a74d5f17cd7a00711fa2c5bf0","code":"5690377e3a775769807f","redirect_uri":"http://localhost:9005","state":"631327435"}
[debug] [2021-08-08T02:21:35.521Z] <<< HTTP RESPONSE 200 {"server":"GitHub.com","date":"Sun, 08 Aug 2021 01:21:22 GMT","content-type":"application/json; charset=utf-8","transfer-encoding":"chunked","vary":"X-PJAX, Accept-Encoding, Accept, X-Requested-With","permissions-policy":"interest-cohort=()","etag":"W/\"6490dca74b804f4ad7ecd1b70b31c347\"","cache-control":"max-age=0, private, must-revalidate","strict-transport-security":"max-age=31536000; includeSubdomains; preload","x-frame-options":"deny","x-content-type-options":"nosniff","x-xss-protection":"0","referrer-policy":"origin-when-cross-origin, strict-origin-when-cross-origin","expect-ct":"max-age=2592000, report-uri=\"https://api.github.com/_private/browser/errors\"","content-security-policy":"default-src 'none'; base-uri 'self'; block-all-mixed-content; connect-src 'self' uploads.github.com www.githubstatus.com collector.githubapp.com api.github.com github-cloud.s3.amazonaws.com github-production-repository-file-5c1aeb.s3.amazonaws.com github-production-upload-manifest-file-7fdce7.s3.amazonaws.com github-production-user-asset-6210df.s3.amazonaws.com cdn.optimizely.com logx.optimizely.com/v1/events translator.github.com wss://alive.github.com; font-src github.githubassets.com; form-action 'self' github.com gist.github.com; frame-ancestors 'none'; frame-src render.githubusercontent.com render-temp.githubusercontent.com viewscreen.githubusercontent.com; img-src 'self' data: github.githubassets.com identicons.github.com collector.githubapp.com github-cloud.s3.amazonaws.com secured-user-images.githubusercontent.com/ *.githubusercontent.com; manifest-src 'self'; media-src 'none'; script-src github.githubassets.com; style-src 'unsafe-inline' github.githubassets.com; worker-src github.com/socket-worker-3f088aa2.js gist.github.com/socket-worker-3f088aa2.js","x-github-request-id":"D8BF:113BF:2E055AD:2FBD271:610F3192"}
[debug] [2021-08-08T02:21:35.524Z] >>> [apiv2][query] GET https://api.github.com/user [none]
[debug] [2021-08-08T02:21:36.257Z] <<< [apiv2][status] GET https://api.github.com/user 200
[debug] [2021-08-08T02:21:36.258Z] <<< [apiv2][body] GET https://api.github.com/user {"login":"hisreal123","id":28113849,"node_id":"MDQ6VXNlcjI4MTEzODQ5","avatar_url":"https://avatars.githubusercontent.com/u/28113849?v=4","gravatar_id":"","url":"https://api.github.com/users/hisreal123","html_url":"https://github.com/hisreal123","followers_url":"https://api.github.com/users/hisreal123/followers","following_url":"https://api.github.com/users/hisreal123/following{/other_user}","gists_url":"https://api.github.com/users/hisreal123/gists{/gist_id}","starred_url":"https://api.github.com/users/hisreal123/starred{/owner}{/repo}","subscriptions_url":"https://api.github.com/users/hisreal123/subscriptions","organizations_url":"https://api.github.com/users/hisreal123/orgs","repos_url":"https://api.github.com/users/hisreal123/repos","events_url":"https://api.github.com/users/hisreal123/events{/privacy}","received_events_url":"https://api.github.com/users/hisreal123/received_events","type":"User","site_admin":false,"name":"George Hisreal","company":null,"blog":"","location":null,"email":null,"hireable":null,"bio":"Coding..","twitter_username":null,"public_repos":8,"public_gists":0,"followers":0,"following":0,"created_at":"2017-04-27T18:42:30Z","updated_at":"2021-08-08T00:57:56Z","private_gists":0,"total_private_repos":3,"owned_private_repos":3,"disk_usage":41475,"collaborators":0,"two_factor_authentication":false,"plan":{"name":"free","space":976562499,"collaborators":0,"private_repos":10000}}
[info] 
[info] ✔  Success! Logged into GitHub as hisreal123 
[info] 
[debug] [2021-08-08T02:22:02.995Z] >>> [apiv2][query] GET https://api.github.com/repos/hisreal123/First-React-project/actions/secrets/public-key type=owner
[debug] [2021-08-08T02:22:03.560Z] <<< [apiv2][status] GET https://api.github.com/repos/hisreal123/First-React-project/actions/secrets/public-key 404
[debug] [2021-08-08T02:22:03.560Z] <<< [apiv2][body] GET https://api.github.com/repos/hisreal123/First-React-project/actions/secrets/public-key {"message":"Not Found","documentation_url":"https://docs.github.com/rest/reference/actions#get-a-repository-public-key"}
